app/build/intermediates/manifest_merge_blame_file/debug/manifest-merger-blame-debug-report.txt
1<?xml version="1.0" encoding="utf-8"?>
2<manifest xmlns:android="http://schemas.android.com/apk/res/android"
3    package="com.jfc.margaritaville"
4    android:versionCode="16"
5    android:versionName="0.1" >
6
7    <uses-sdk
8        android:minSdkVersion="25"
8-->src/main/AndroidManifest.xml
9        android:targetSdkVersion="28" />
9-->src/main/AndroidManifest.xml
10
11    <uses-permission android:name="android.permission.INTERNET" />
11-->src/main/AndroidManifest.xml:5:5-67
11-->src/main/AndroidManifest.xml:5:22-64
12    <uses-permission android:name="android.permission.ACCESS_NETWORK_STATE" />
12-->src/main/AndroidManifest.xml:6:5-79
12-->src/main/AndroidManifest.xml:6:22-76
13    <uses-permission android:name="android.permission.ACCESS_COARSE_LOCATION" />
13-->src/main/AndroidManifest.xml:7:5-81
13-->src/main/AndroidManifest.xml:7:22-78
14
15    <application
15-->src/main/AndroidManifest.xml:9:5-25:19
16        android:allowBackup="true"
16-->src/main/AndroidManifest.xml:10:9-35
17        android:appComponentFactory="androidx.core.app.CoreComponentFactory"
17-->[androidx.core:core:1.0.0] AndroidManifest.xml:22:18-86
18        android:debuggable="true"
19        android:extractNativeLibs="false"
20        android:icon="@mipmap/ic_launcher"
20-->src/main/AndroidManifest.xml:11:9-43
21        android:label="Text2Speech"
21-->src/main/AndroidManifest.xml:12:9-36
22        android:roundIcon="@mipmap/ic_launcher_round"
22-->src/main/AndroidManifest.xml:13:9-54
23        android:supportsRtl="true"
23-->src/main/AndroidManifest.xml:14:9-35
24        android:testOnly="true"
25        android:theme="@style/AppTheme" >
25-->src/main/AndroidManifest.xml:15:9-40
26        <activity android:name="com.jfc.text2speech.Text2Speech" >
26-->src/main/AndroidManifest.xml:16:9-23:20
26-->src/main/AndroidManifest.xml:17:13-40
27            <intent-filter>
27-->src/main/AndroidManifest.xml:18:13-22:29
28                <action android:name="android.intent.action.MAIN" />
28-->src/main/AndroidManifest.xml:19:17-69
28-->src/main/AndroidManifest.xml:19:25-66
29
30                <category android:name="android.intent.category.LAUNCHER" />
30-->src/main/AndroidManifest.xml:21:17-77
30-->src/main/AndroidManifest.xml:21:27-74
31            </intent-filter>
32        </activity>
33    </application>
34
35</manifest>